The system is: Linux - 5.3.0-46-generic - x86_64
Compiling the C compiler identification source file "CMakeCCompilerId.c" succeeded.
Compiler: /bin/clang-9 
Build flags: 
Id flags:  

The output was:
0


Compilation of the C compiler identification source "CMakeCCompilerId.c" produced "a.out"

The C compiler identification is Clang, found in "/home/jonatan/dev/rendering/build/CMakeFiles/3.13.4/CompilerIdC/a.out"

Compiling the CXX compiler identification source file "CMakeCXXCompilerId.cpp" succeeded.
Compiler: /bin/clang++-9 
Build flags: 
Id flags:  

The output was:
0


Compilation of the CXX compiler identification source "CMakeCXXCompilerId.cpp" produced "a.out"

The CXX compiler identification is Clang, found in "/home/jonatan/dev/rendering/build/CMakeFiles/3.13.4/CompilerIdCXX/a.out"

Determining if the C compiler works passed with the following output:
Change Dir: /home/jonatan/dev/rendering/build/CMakeFiles/CMakeTmp

Run Build Command:"/usr/bin/make" "cmTC_50838/fast"
/usr/bin/make -f CMakeFiles/cmTC_50838.dir/build.make CMakeFiles/cmTC_50838.dir/build
make[1]: Entering directory '/home/jonatan/dev/rendering/build/CMakeFiles/CMakeTmp'
Building C object CMakeFiles/cmTC_50838.dir/testCCompiler.c.o
/bin/clang-9    -o CMakeFiles/cmTC_50838.dir/testCCompiler.c.o   -c /home/jonatan/dev/rendering/build/CMakeFiles/CMakeTmp/testCCompiler.c
Linking C executable cmTC_50838
/usr/bin/cmake -E cmake_link_script CMakeFiles/cmTC_50838.dir/link.txt --verbose=1
/bin/clang-9      -rdynamic CMakeFiles/cmTC_50838.dir/testCCompiler.c.o  -o cmTC_50838 
make[1]: Leaving directory '/home/jonatan/dev/rendering/build/CMakeFiles/CMakeTmp'


Detecting C compiler ABI info compiled with the following output:
Change Dir: /home/jonatan/dev/rendering/build/CMakeFiles/CMakeTmp

Run Build Command:"/usr/bin/make" "cmTC_44d95/fast"
/usr/bin/make -f CMakeFiles/cmTC_44d95.dir/build.make CMakeFiles/cmTC_44d95.dir/build
make[1]: Entering directory '/home/jonatan/dev/rendering/build/CMakeFiles/CMakeTmp'
Building C object CMakeFiles/cmTC_44d95.dir/CMakeCCompilerABI.c.o
/bin/clang-9    -o CMakeFiles/cmTC_44d95.dir/CMakeCCompilerABI.c.o   -c /usr/share/cmake-3.13/Modules/CMakeCCompilerABI.c
Linking C executable cmTC_44d95
/usr/bin/cmake -E cmake_link_script CMakeFiles/cmTC_44d95.dir/link.txt --verbose=1
/bin/clang-9     -v -rdynamic CMakeFiles/cmTC_44d95.dir/CMakeCCompilerABI.c.o  -o cmTC_44d95 
clang version 9.0.0-2 (tags/RELEASE_900/final)
Target: x86_64-pc-linux-gnu
Thread model: posix
InstalledDir: /bin
Found candidate GCC installation: /bin/../lib/gcc/x86_64-linux-gnu/8
Found candidate GCC installation: /bin/../lib/gcc/x86_64-linux-gnu/9
Found candidate GCC installation: /usr/lib/gcc/x86_64-linux-gnu/8
Found candidate GCC installation: /usr/lib/gcc/x86_64-linux-gnu/9
Selected GCC installation: /bin/../lib/gcc/x86_64-linux-gnu/9
Candidate multilib: .;@m64
Candidate multilib: 32;@m32
Candidate multilib: x32;@mx32
Selected multilib: .;@m64
 "/bin/ld" -export-dynamic -z relro --hash-style=gnu --build-id --eh-frame-hdr -m elf_x86_64 -export-dynamic -dynamic-linker /lib64/ld-linux-x86-64.so.2 -o cmTC_44d95 /bin/../lib/gcc/x86_64-linux-gnu/9/../../../x86_64-linux-gnu/crt1.o /bin/../lib/gcc/x86_64-linux-gnu/9/../../../x86_64-linux-gnu/crti.o /bin/../lib/gcc/x86_64-linux-gnu/9/crtbegin.o -L/bin/../lib/gcc/x86_64-linux-gnu/9 -L/bin/../lib/gcc/x86_64-linux-gnu/9/../../../x86_64-linux-gnu -L/bin/../lib/gcc/x86_64-linux-gnu/9/../../../../lib64 -L/lib/x86_64-linux-gnu -L/lib/../lib64 -L/usr/lib/x86_64-linux-gnu -L/usr/lib/../lib64 -L/usr/lib/x86_64-linux-gnu/../../lib64 -L/bin/../lib/gcc/x86_64-linux-gnu/9/../../.. -L/usr/lib/llvm-9/bin/../lib -L/lib -L/usr/lib CMakeFiles/cmTC_44d95.dir/CMakeCCompilerABI.c.o -lgcc --as-needed -lgcc_s --no-as-needed -lc -lc -lgcc --as-needed -lgcc_s --no-as-needed /bin/../lib/gcc/x86_64-linux-gnu/9/crtend.o /bin/../lib/gcc/x86_64-linux-gnu/9/../../../x86_64-linux-gnu/crtn.o
make[1]: Leaving directory '/home/jonatan/dev/rendering/build/CMakeFiles/CMakeTmp'


Parsed C implicit link information from above output:
  link line regex: [^( *|.*[/\])(ld|CMAKE_LINK_STARTFILE-NOTFOUND|([^/\]+-)?ld|collect2)[^/\]*( |$)]
  ignore line: [Change Dir: /home/jonatan/dev/rendering/build/CMakeFiles/CMakeTmp]
  ignore line: []
  ignore line: [Run Build Command:"/usr/bin/make" "cmTC_44d95/fast"]
  ignore line: [/usr/bin/make -f CMakeFiles/cmTC_44d95.dir/build.make CMakeFiles/cmTC_44d95.dir/build]
  ignore line: [make[1]: Entering directory '/home/jonatan/dev/rendering/build/CMakeFiles/CMakeTmp']
  ignore line: [Building C object CMakeFiles/cmTC_44d95.dir/CMakeCCompilerABI.c.o]
  ignore line: [/bin/clang-9    -o CMakeFiles/cmTC_44d95.dir/CMakeCCompilerABI.c.o   -c /usr/share/cmake-3.13/Modules/CMakeCCompilerABI.c]
  ignore line: [Linking C executable cmTC_44d95]
  ignore line: [/usr/bin/cmake -E cmake_link_script CMakeFiles/cmTC_44d95.dir/link.txt --verbose=1]
  ignore line: [/bin/clang-9     -v -rdynamic CMakeFiles/cmTC_44d95.dir/CMakeCCompilerABI.c.o  -o cmTC_44d95 ]
  ignore line: [clang version 9.0.0-2 (tags/RELEASE_900/final)]
  ignore line: [Target: x86_64-pc-linux-gnu]
  ignore line: [Thread model: posix]
  ignore line: [InstalledDir: /bin]
  ignore line: [Found candidate GCC installation: /bin/../lib/gcc/x86_64-linux-gnu/8]
  ignore line: [Found candidate GCC installation: /bin/../lib/gcc/x86_64-linux-gnu/9]
  ignore line: [Found candidate GCC installation: /usr/lib/gcc/x86_64-linux-gnu/8]
  ignore line: [Found candidate GCC installation: /usr/lib/gcc/x86_64-linux-gnu/9]
  ignore line: [Selected GCC installation: /bin/../lib/gcc/x86_64-linux-gnu/9]
  ignore line: [Candidate multilib: .]
  ignore line: [@m64]
  ignore line: [Candidate multilib: 32]
  ignore line: [@m32]
  ignore line: [Candidate multilib: x32]
  ignore line: [@mx32]
  ignore line: [Selected multilib: .]
  ignore line: [@m64]
  link line: [ "/bin/ld" -export-dynamic -z relro --hash-style=gnu --build-id --eh-frame-hdr -m elf_x86_64 -export-dynamic -dynamic-linker /lib64/ld-linux-x86-64.so.2 -o cmTC_44d95 /bin/../lib/gcc/x86_64-linux-gnu/9/../../../x86_64-linux-gnu/crt1.o /bin/../lib/gcc/x86_64-linux-gnu/9/../../../x86_64-linux-gnu/crti.o /bin/../lib/gcc/x86_64-linux-gnu/9/crtbegin.o -L/bin/../lib/gcc/x86_64-linux-gnu/9 -L/bin/../lib/gcc/x86_64-linux-gnu/9/../../../x86_64-linux-gnu -L/bin/../lib/gcc/x86_64-linux-gnu/9/../../../../lib64 -L/lib/x86_64-linux-gnu -L/lib/../lib64 -L/usr/lib/x86_64-linux-gnu -L/usr/lib/../lib64 -L/usr/lib/x86_64-linux-gnu/../../lib64 -L/bin/../lib/gcc/x86_64-linux-gnu/9/../../.. -L/usr/lib/llvm-9/bin/../lib -L/lib -L/usr/lib CMakeFiles/cmTC_44d95.dir/CMakeCCompilerABI.c.o -lgcc --as-needed -lgcc_s --no-as-needed -lc -lc -lgcc --as-needed -lgcc_s --no-as-needed /bin/../lib/gcc/x86_64-linux-gnu/9/crtend.o /bin/../lib/gcc/x86_64-linux-gnu/9/../../../x86_64-linux-gnu/crtn.o]
    arg [/bin/ld] ==> ignore
    arg [-export-dynamic] ==> ignore
    arg [-zrelro] ==> ignore
    arg [--hash-style=gnu] ==> ignore
    arg [--build-id] ==> ignore
    arg [--eh-frame-hdr] ==> ignore
    arg [-m] ==> ignore
    arg [elf_x86_64] ==> ignore
    arg [-export-dynamic] ==> ignore
    arg [-dynamic-linker] ==> ignore
    arg [/lib64/ld-linux-x86-64.so.2] ==> ignore
    arg [-o] ==> ignore
    arg [cmTC_44d95] ==> ignore
    arg [/bin/../lib/gcc/x86_64-linux-gnu/9/../../../x86_64-linux-gnu/crt1.o] ==> ignore
    arg [/bin/../lib/gcc/x86_64-linux-gnu/9/../../../x86_64-linux-gnu/crti.o] ==> ignore
    arg [/bin/../lib/gcc/x86_64-linux-gnu/9/crtbegin.o] ==> ignore
    arg [-L/bin/../lib/gcc/x86_64-linux-gnu/9] ==> dir [/bin/../lib/gcc/x86_64-linux-gnu/9]
    arg [-L/bin/../lib/gcc/x86_64-linux-gnu/9/../../../x86_64-linux-gnu] ==> dir [/bin/../lib/gcc/x86_64-linux-gnu/9/../../../x86_64-linux-gnu]
    arg [-L/bin/../lib/gcc/x86_64-linux-gnu/9/../../../../lib64] ==> dir [/bin/../lib/gcc/x86_64-linux-gnu/9/../../../../lib64]
    arg [-L/lib/x86_64-linux-gnu] ==> dir [/lib/x86_64-linux-gnu]
    arg [-L/lib/../lib64] ==> dir [/lib/../lib64]
    arg [-L/usr/lib/x86_64-linux-gnu] ==> dir [/usr/lib/x86_64-linux-gnu]
    arg [-L/usr/lib/../lib64] ==> dir [/usr/lib/../lib64]
    arg [-L/usr/lib/x86_64-linux-gnu/../../lib64] ==> dir [/usr/lib/x86_64-linux-gnu/../../lib64]
    arg [-L/bin/../lib/gcc/x86_64-linux-gnu/9/../../..] ==> dir [/bin/../lib/gcc/x86_64-linux-gnu/9/../../..]
    arg [-L/usr/lib/llvm-9/bin/../lib] ==> dir [/usr/lib/llvm-9/bin/../lib]
    arg [-L/lib] ==> dir [/lib]
    arg [-L/usr/lib] ==> dir [/usr/lib]
    arg [CMakeFiles/cmTC_44d95.dir/CMakeCCompilerABI.c.o] ==> ignore
    arg [-lgcc] ==> lib [gcc]
    arg [--as-needed] ==> ignore
    arg [-lgcc_s] ==> lib [gcc_s]
    arg [--no-as-needed] ==> ignore
    arg [-lc] ==> lib [c]
    arg [-lc] ==> lib [c]
    arg [-lgcc] ==> lib [gcc]
    arg [--as-needed] ==> ignore
    arg [-lgcc_s] ==> lib [gcc_s]
    arg [--no-as-needed] ==> ignore
    arg [/bin/../lib/gcc/x86_64-linux-gnu/9/crtend.o] ==> ignore
    arg [/bin/../lib/gcc/x86_64-linux-gnu/9/../../../x86_64-linux-gnu/crtn.o] ==> ignore
  collapse library dir [/bin/../lib/gcc/x86_64-linux-gnu/9] ==> [/lib/gcc/x86_64-linux-gnu/9]
  collapse library dir [/bin/../lib/gcc/x86_64-linux-gnu/9/../../../x86_64-linux-gnu] ==> [/lib/x86_64-linux-gnu]
  collapse library dir [/bin/../lib/gcc/x86_64-linux-gnu/9/../../../../lib64] ==> [/lib64]
  collapse library dir [/lib/x86_64-linux-gnu] ==> [/lib/x86_64-linux-gnu]
  collapse library dir [/lib/../lib64] ==> [/lib64]
  collapse library dir [/usr/lib/x86_64-linux-gnu] ==> [/usr/lib/x86_64-linux-gnu]
  collapse library dir [/usr/lib/../lib64] ==> [/usr/lib64]
  collapse library dir [/usr/lib/x86_64-linux-gnu/../../lib64] ==> [/usr/lib64]
  collapse library dir [/bin/../lib/gcc/x86_64-linux-gnu/9/../../..] ==> [/lib]
  collapse library dir [/usr/lib/llvm-9/bin/../lib] ==> [/usr/lib/llvm-9/lib]
  collapse library dir [/lib] ==> [/lib]
  collapse library dir [/usr/lib] ==> [/usr/lib]
  implicit libs: [gcc;gcc_s;c;c;gcc;gcc_s]
  implicit dirs: [/lib/gcc/x86_64-linux-gnu/9;/lib/x86_64-linux-gnu;/lib64;/usr/lib/x86_64-linux-gnu;/usr/lib64;/lib;/usr/lib/llvm-9/lib;/usr/lib]
  implicit fwks: []




Detecting C [-std=c11] compiler features compiled with the following output:
Change Dir: /home/jonatan/dev/rendering/build/CMakeFiles/CMakeTmp

Run Build Command:"/usr/bin/make" "cmTC_fe8fe/fast"
/usr/bin/make -f CMakeFiles/cmTC_fe8fe.dir/build.make CMakeFiles/cmTC_fe8fe.dir/build
make[1]: Entering directory '/home/jonatan/dev/rendering/build/CMakeFiles/CMakeTmp'
Building C object CMakeFiles/cmTC_fe8fe.dir/feature_tests.c.o
/bin/clang-9   -std=c11 -o CMakeFiles/cmTC_fe8fe.dir/feature_tests.c.o   -c /home/jonatan/dev/rendering/build/CMakeFiles/feature_tests.c
Linking C executable cmTC_fe8fe
/usr/bin/cmake -E cmake_link_script CMakeFiles/cmTC_fe8fe.dir/link.txt --verbose=1
/bin/clang-9      -rdynamic CMakeFiles/cmTC_fe8fe.dir/feature_tests.c.o  -o cmTC_fe8fe 
make[1]: Leaving directory '/home/jonatan/dev/rendering/build/CMakeFiles/CMakeTmp'


    Feature record: C_FEATURE:1c_function_prototypes
    Feature record: C_FEATURE:1c_restrict
    Feature record: C_FEATURE:1c_static_assert
    Feature record: C_FEATURE:1c_variadic_macros


Detecting C [-std=c99] compiler features compiled with the following output:
Change Dir: /home/jonatan/dev/rendering/build/CMakeFiles/CMakeTmp

Run Build Command:"/usr/bin/make" "cmTC_c137f/fast"
/usr/bin/make -f CMakeFiles/cmTC_c137f.dir/build.make CMakeFiles/cmTC_c137f.dir/build
make[1]: Entering directory '/home/jonatan/dev/rendering/build/CMakeFiles/CMakeTmp'
Building C object CMakeFiles/cmTC_c137f.dir/feature_tests.c.o
/bin/clang-9   -std=c99 -o CMakeFiles/cmTC_c137f.dir/feature_tests.c.o   -c /home/jonatan/dev/rendering/build/CMakeFiles/feature_tests.c
Linking C executable cmTC_c137f
/usr/bin/cmake -E cmake_link_script CMakeFiles/cmTC_c137f.dir/link.txt --verbose=1
/bin/clang-9      -rdynamic CMakeFiles/cmTC_c137f.dir/feature_tests.c.o  -o cmTC_c137f 
make[1]: Leaving directory '/home/jonatan/dev/rendering/build/CMakeFiles/CMakeTmp'


    Feature record: C_FEATURE:1c_function_prototypes
    Feature record: C_FEATURE:1c_restrict
    Feature record: C_FEATURE:0c_static_assert
    Feature record: C_FEATURE:1c_variadic_macros


Detecting C [-std=c90] compiler features compiled with the following output:
Change Dir: /home/jonatan/dev/rendering/build/CMakeFiles/CMakeTmp

Run Build Command:"/usr/bin/make" "cmTC_1b977/fast"
/usr/bin/make -f CMakeFiles/cmTC_1b977.dir/build.make CMakeFiles/cmTC_1b977.dir/build
make[1]: Entering directory '/home/jonatan/dev/rendering/build/CMakeFiles/CMakeTmp'
Building C object CMakeFiles/cmTC_1b977.dir/feature_tests.c.o
/bin/clang-9   -std=c90 -o CMakeFiles/cmTC_1b977.dir/feature_tests.c.o   -c /home/jonatan/dev/rendering/build/CMakeFiles/feature_tests.c
Linking C executable cmTC_1b977
/usr/bin/cmake -E cmake_link_script CMakeFiles/cmTC_1b977.dir/link.txt --verbose=1
/bin/clang-9      -rdynamic CMakeFiles/cmTC_1b977.dir/feature_tests.c.o  -o cmTC_1b977 
make[1]: Leaving directory '/home/jonatan/dev/rendering/build/CMakeFiles/CMakeTmp'


    Feature record: C_FEATURE:1c_function_prototypes
    Feature record: C_FEATURE:0c_restrict
    Feature record: C_FEATURE:0c_static_assert
    Feature record: C_FEATURE:0c_variadic_macros
Determining if the CXX compiler works passed with the following output:
Change Dir: /home/jonatan/dev/rendering/build/CMakeFiles/CMakeTmp

Run Build Command:"/usr/bin/make" "cmTC_2f05c/fast"
/usr/bin/make -f CMakeFiles/cmTC_2f05c.dir/build.make CMakeFiles/cmTC_2f05c.dir/build
make[1]: Entering directory '/home/jonatan/dev/rendering/build/CMakeFiles/CMakeTmp'
Building CXX object CMakeFiles/cmTC_2f05c.dir/testCXXCompiler.cxx.o
/bin/clang++-9     -o CMakeFiles/cmTC_2f05c.dir/testCXXCompiler.cxx.o -c /home/jonatan/dev/rendering/build/CMakeFiles/CMakeTmp/testCXXCompiler.cxx
Linking CXX executable cmTC_2f05c
/usr/bin/cmake -E cmake_link_script CMakeFiles/cmTC_2f05c.dir/link.txt --verbose=1
/bin/clang++-9       -rdynamic CMakeFiles/cmTC_2f05c.dir/testCXXCompiler.cxx.o  -o cmTC_2f05c 
make[1]: Leaving directory '/home/jonatan/dev/rendering/build/CMakeFiles/CMakeTmp'


Detecting CXX compiler ABI info compiled with the following output:
Change Dir: /home/jonatan/dev/rendering/build/CMakeFiles/CMakeTmp

Run Build Command:"/usr/bin/make" "cmTC_2d01d/fast"
/usr/bin/make -f CMakeFiles/cmTC_2d01d.dir/build.make CMakeFiles/cmTC_2d01d.dir/build
make[1]: Entering directory '/home/jonatan/dev/rendering/build/CMakeFiles/CMakeTmp'
Building CXX object CMakeFiles/cmTC_2d01d.dir/CMakeCXXCompilerABI.cpp.o
/bin/clang++-9     -o CMakeFiles/cmTC_2d01d.dir/CMakeCXXCompilerABI.cpp.o -c /usr/share/cmake-3.13/Modules/CMakeCXXCompilerABI.cpp
Linking CXX executable cmTC_2d01d
/usr/bin/cmake -E cmake_link_script CMakeFiles/cmTC_2d01d.dir/link.txt --verbose=1
/bin/clang++-9      -v -rdynamic CMakeFiles/cmTC_2d01d.dir/CMakeCXXCompilerABI.cpp.o  -o cmTC_2d01d 
clang version 9.0.0-2 (tags/RELEASE_900/final)
Target: x86_64-pc-linux-gnu
Thread model: posix
InstalledDir: /bin
Found candidate GCC installation: /bin/../lib/gcc/x86_64-linux-gnu/8
Found candidate GCC installation: /bin/../lib/gcc/x86_64-linux-gnu/9
Found candidate GCC installation: /usr/lib/gcc/x86_64-linux-gnu/8
Found candidate GCC installation: /usr/lib/gcc/x86_64-linux-gnu/9
Selected GCC installation: /bin/../lib/gcc/x86_64-linux-gnu/9
Candidate multilib: .;@m64
Candidate multilib: 32;@m32
Candidate multilib: x32;@mx32
Selected multilib: .;@m64
 "/bin/ld" -export-dynamic -z relro --hash-style=gnu --build-id --eh-frame-hdr -m elf_x86_64 -export-dynamic -dynamic-linker /lib64/ld-linux-x86-64.so.2 -o cmTC_2d01d /bin/../lib/gcc/x86_64-linux-gnu/9/../../../x86_64-linux-gnu/crt1.o /bin/../lib/gcc/x86_64-linux-gnu/9/../../../x86_64-linux-gnu/crti.o /bin/../lib/gcc/x86_64-linux-gnu/9/crtbegin.o -L/bin/../lib/gcc/x86_64-linux-gnu/9 -L/bin/../lib/gcc/x86_64-linux-gnu/9/../../../x86_64-linux-gnu -L/bin/../lib/gcc/x86_64-linux-gnu/9/../../../../lib64 -L/lib/x86_64-linux-gnu -L/lib/../lib64 -L/usr/lib/x86_64-linux-gnu -L/usr/lib/../lib64 -L/usr/lib/x86_64-linux-gnu/../../lib64 -L/bin/../lib/gcc/x86_64-linux-gnu/9/../../.. -L/usr/lib/llvm-9/bin/../lib -L/lib -L/usr/lib CMakeFiles/cmTC_2d01d.dir/CMakeCXXCompilerABI.cpp.o -lstdc++ -lm -lgcc_s -lgcc -lc -lc -lgcc_s -lgcc /bin/../lib/gcc/x86_64-linux-gnu/9/crtend.o /bin/../lib/gcc/x86_64-linux-gnu/9/../../../x86_64-linux-gnu/crtn.o
make[1]: Leaving directory '/home/jonatan/dev/rendering/build/CMakeFiles/CMakeTmp'


Parsed CXX implicit link information from above output:
  link line regex: [^( *|.*[/\])(ld|CMAKE_LINK_STARTFILE-NOTFOUND|([^/\]+-)?ld|collect2)[^/\]*( |$)]
  ignore line: [Change Dir: /home/jonatan/dev/rendering/build/CMakeFiles/CMakeTmp]
  ignore line: []
  ignore line: [Run Build Command:"/usr/bin/make" "cmTC_2d01d/fast"]
  ignore line: [/usr/bin/make -f CMakeFiles/cmTC_2d01d.dir/build.make CMakeFiles/cmTC_2d01d.dir/build]
  ignore line: [make[1]: Entering directory '/home/jonatan/dev/rendering/build/CMakeFiles/CMakeTmp']
  ignore line: [Building CXX object CMakeFiles/cmTC_2d01d.dir/CMakeCXXCompilerABI.cpp.o]
  ignore line: [/bin/clang++-9     -o CMakeFiles/cmTC_2d01d.dir/CMakeCXXCompilerABI.cpp.o -c /usr/share/cmake-3.13/Modules/CMakeCXXCompilerABI.cpp]
  ignore line: [Linking CXX executable cmTC_2d01d]
  ignore line: [/usr/bin/cmake -E cmake_link_script CMakeFiles/cmTC_2d01d.dir/link.txt --verbose=1]
  ignore line: [/bin/clang++-9      -v -rdynamic CMakeFiles/cmTC_2d01d.dir/CMakeCXXCompilerABI.cpp.o  -o cmTC_2d01d ]
  ignore line: [clang version 9.0.0-2 (tags/RELEASE_900/final)]
  ignore line: [Target: x86_64-pc-linux-gnu]
  ignore line: [Thread model: posix]
  ignore line: [InstalledDir: /bin]
  ignore line: [Found candidate GCC installation: /bin/../lib/gcc/x86_64-linux-gnu/8]
  ignore line: [Found candidate GCC installation: /bin/../lib/gcc/x86_64-linux-gnu/9]
  ignore line: [Found candidate GCC installation: /usr/lib/gcc/x86_64-linux-gnu/8]
  ignore line: [Found candidate GCC installation: /usr/lib/gcc/x86_64-linux-gnu/9]
  ignore line: [Selected GCC installation: /bin/../lib/gcc/x86_64-linux-gnu/9]
  ignore line: [Candidate multilib: .]
  ignore line: [@m64]
  ignore line: [Candidate multilib: 32]
  ignore line: [@m32]
  ignore line: [Candidate multilib: x32]
  ignore line: [@mx32]
  ignore line: [Selected multilib: .]
  ignore line: [@m64]
  link line: [ "/bin/ld" -export-dynamic -z relro --hash-style=gnu --build-id --eh-frame-hdr -m elf_x86_64 -export-dynamic -dynamic-linker /lib64/ld-linux-x86-64.so.2 -o cmTC_2d01d /bin/../lib/gcc/x86_64-linux-gnu/9/../../../x86_64-linux-gnu/crt1.o /bin/../lib/gcc/x86_64-linux-gnu/9/../../../x86_64-linux-gnu/crti.o /bin/../lib/gcc/x86_64-linux-gnu/9/crtbegin.o -L/bin/../lib/gcc/x86_64-linux-gnu/9 -L/bin/../lib/gcc/x86_64-linux-gnu/9/../../../x86_64-linux-gnu -L/bin/../lib/gcc/x86_64-linux-gnu/9/../../../../lib64 -L/lib/x86_64-linux-gnu -L/lib/../lib64 -L/usr/lib/x86_64-linux-gnu -L/usr/lib/../lib64 -L/usr/lib/x86_64-linux-gnu/../../lib64 -L/bin/../lib/gcc/x86_64-linux-gnu/9/../../.. -L/usr/lib/llvm-9/bin/../lib -L/lib -L/usr/lib CMakeFiles/cmTC_2d01d.dir/CMakeCXXCompilerABI.cpp.o -lstdc++ -lm -lgcc_s -lgcc -lc -lc -lgcc_s -lgcc /bin/../lib/gcc/x86_64-linux-gnu/9/crtend.o /bin/../lib/gcc/x86_64-linux-gnu/9/../../../x86_64-linux-gnu/crtn.o]
    arg [/bin/ld] ==> ignore
    arg [-export-dynamic] ==> ignore
    arg [-zrelro] ==> ignore
    arg [--hash-style=gnu] ==> ignore
    arg [--build-id] ==> ignore
    arg [--eh-frame-hdr] ==> ignore
    arg [-m] ==> ignore
    arg [elf_x86_64] ==> ignore
    arg [-export-dynamic] ==> ignore
    arg [-dynamic-linker] ==> ignore
    arg [/lib64/ld-linux-x86-64.so.2] ==> ignore
    arg [-o] ==> ignore
    arg [cmTC_2d01d] ==> ignore
    arg [/bin/../lib/gcc/x86_64-linux-gnu/9/../../../x86_64-linux-gnu/crt1.o] ==> ignore
    arg [/bin/../lib/gcc/x86_64-linux-gnu/9/../../../x86_64-linux-gnu/crti.o] ==> ignore
    arg [/bin/../lib/gcc/x86_64-linux-gnu/9/crtbegin.o] ==> ignore
    arg [-L/bin/../lib/gcc/x86_64-linux-gnu/9] ==> dir [/bin/../lib/gcc/x86_64-linux-gnu/9]
    arg [-L/bin/../lib/gcc/x86_64-linux-gnu/9/../../../x86_64-linux-gnu] ==> dir [/bin/../lib/gcc/x86_64-linux-gnu/9/../../../x86_64-linux-gnu]
    arg [-L/bin/../lib/gcc/x86_64-linux-gnu/9/../../../../lib64] ==> dir [/bin/../lib/gcc/x86_64-linux-gnu/9/../../../../lib64]
    arg [-L/lib/x86_64-linux-gnu] ==> dir [/lib/x86_64-linux-gnu]
    arg [-L/lib/../lib64] ==> dir [/lib/../lib64]
    arg [-L/usr/lib/x86_64-linux-gnu] ==> dir [/usr/lib/x86_64-linux-gnu]
    arg [-L/usr/lib/../lib64] ==> dir [/usr/lib/../lib64]
    arg [-L/usr/lib/x86_64-linux-gnu/../../lib64] ==> dir [/usr/lib/x86_64-linux-gnu/../../lib64]
    arg [-L/bin/../lib/gcc/x86_64-linux-gnu/9/../../..] ==> dir [/bin/../lib/gcc/x86_64-linux-gnu/9/../../..]
    arg [-L/usr/lib/llvm-9/bin/../lib] ==> dir [/usr/lib/llvm-9/bin/../lib]
    arg [-L/lib] ==> dir [/lib]
    arg [-L/usr/lib] ==> dir [/usr/lib]
    arg [CMakeFiles/cmTC_2d01d.dir/CMakeCXXCompilerABI.cpp.o] ==> ignore
    arg [-lstdc++] ==> lib [stdc++]
    arg [-lm] ==> lib [m]
    arg [-lgcc_s] ==> lib [gcc_s]
    arg [-lgcc] ==> lib [gcc]
    arg [-lc] ==> lib [c]
    arg [-lc] ==> lib [c]
    arg [-lgcc_s] ==> lib [gcc_s]
    arg [-lgcc] ==> lib [gcc]
    arg [/bin/../lib/gcc/x86_64-linux-gnu/9/crtend.o] ==> ignore
    arg [/bin/../lib/gcc/x86_64-linux-gnu/9/../../../x86_64-linux-gnu/crtn.o] ==> ignore
  collapse library dir [/bin/../lib/gcc/x86_64-linux-gnu/9] ==> [/lib/gcc/x86_64-linux-gnu/9]
  collapse library dir [/bin/../lib/gcc/x86_64-linux-gnu/9/../../../x86_64-linux-gnu] ==> [/lib/x86_64-linux-gnu]
  collapse library dir [/bin/../lib/gcc/x86_64-linux-gnu/9/../../../../lib64] ==> [/lib64]
  collapse library dir [/lib/x86_64-linux-gnu] ==> [/lib/x86_64-linux-gnu]
  collapse library dir [/lib/../lib64] ==> [/lib64]
  collapse library dir [/usr/lib/x86_64-linux-gnu] ==> [/usr/lib/x86_64-linux-gnu]
  collapse library dir [/usr/lib/../lib64] ==> [/usr/lib64]
  collapse library dir [/usr/lib/x86_64-linux-gnu/../../lib64] ==> [/usr/lib64]
  collapse library dir [/bin/../lib/gcc/x86_64-linux-gnu/9/../../..] ==> [/lib]
  collapse library dir [/usr/lib/llvm-9/bin/../lib] ==> [/usr/lib/llvm-9/lib]
  collapse library dir [/lib] ==> [/lib]
  collapse library dir [/usr/lib] ==> [/usr/lib]
  implicit libs: [stdc++;m;gcc_s;gcc;c;c;gcc_s;gcc]
  implicit dirs: [/lib/gcc/x86_64-linux-gnu/9;/lib/x86_64-linux-gnu;/lib64;/usr/lib/x86_64-linux-gnu;/usr/lib64;/lib;/usr/lib/llvm-9/lib;/usr/lib]
  implicit fwks: []




Detecting CXX [-std=c++2a] compiler features compiled with the following output:
Change Dir: /home/jonatan/dev/rendering/build/CMakeFiles/CMakeTmp

Run Build Command:"/usr/bin/make" "cmTC_95bb6/fast"
/usr/bin/make -f CMakeFiles/cmTC_95bb6.dir/build.make CMakeFiles/cmTC_95bb6.dir/build
make[1]: Entering directory '/home/jonatan/dev/rendering/build/CMakeFiles/CMakeTmp'
Building CXX object CMakeFiles/cmTC_95bb6.dir/feature_tests.cxx.o
/bin/clang++-9    -std=c++2a -o CMakeFiles/cmTC_95bb6.dir/feature_tests.cxx.o -c /home/jonatan/dev/rendering/build/CMakeFiles/feature_tests.cxx
Linking CXX executable cmTC_95bb6
/usr/bin/cmake -E cmake_link_script CMakeFiles/cmTC_95bb6.dir/link.txt --verbose=1
/bin/clang++-9       -rdynamic CMakeFiles/cmTC_95bb6.dir/feature_tests.cxx.o  -o cmTC_95bb6 
make[1]: Leaving directory '/home/jonatan/dev/rendering/build/CMakeFiles/CMakeTmp'


    Feature record: CXX_FEATURE:1cxx_aggregate_default_initializers
    Feature record: CXX_FEATURE:1cxx_alias_templates
    Feature record: CXX_FEATURE:1cxx_alignas
    Feature record: CXX_FEATURE:1cxx_alignof
    Feature record: CXX_FEATURE:1cxx_attributes
    Feature record: CXX_FEATURE:1cxx_attribute_deprecated
    Feature record: CXX_FEATURE:1cxx_auto_type
    Feature record: CXX_FEATURE:1cxx_binary_literals
    Feature record: CXX_FEATURE:1cxx_constexpr
    Feature record: CXX_FEATURE:1cxx_contextual_conversions
    Feature record: CXX_FEATURE:1cxx_decltype
    Feature record: CXX_FEATURE:1cxx_decltype_auto
    Feature record: CXX_FEATURE:1cxx_decltype_incomplete_return_types
    Feature record: CXX_FEATURE:1cxx_default_function_template_args
    Feature record: CXX_FEATURE:1cxx_defaulted_functions
    Feature record: CXX_FEATURE:1cxx_defaulted_move_initializers
    Feature record: CXX_FEATURE:1cxx_delegating_constructors
    Feature record: CXX_FEATURE:1cxx_deleted_functions
    Feature record: CXX_FEATURE:1cxx_digit_separators
    Feature record: CXX_FEATURE:1cxx_enum_forward_declarations
    Feature record: CXX_FEATURE:1cxx_explicit_conversions
    Feature record: CXX_FEATURE:1cxx_extended_friend_declarations
    Feature record: CXX_FEATURE:1cxx_extern_templates
    Feature record: CXX_FEATURE:1cxx_final
    Feature record: CXX_FEATURE:1cxx_func_identifier
    Feature record: CXX_FEATURE:1cxx_generalized_initializers
    Feature record: CXX_FEATURE:1cxx_generic_lambdas
    Feature record: CXX_FEATURE:1cxx_inheriting_constructors
    Feature record: CXX_FEATURE:1cxx_inline_namespaces
    Feature record: CXX_FEATURE:1cxx_lambdas
    Feature record: CXX_FEATURE:1cxx_lambda_init_captures
    Feature record: CXX_FEATURE:1cxx_local_type_template_args
    Feature record: CXX_FEATURE:1cxx_long_long_type
    Feature record: CXX_FEATURE:1cxx_noexcept
    Feature record: CXX_FEATURE:1cxx_nonstatic_member_init
    Feature record: CXX_FEATURE:1cxx_nullptr
    Feature record: CXX_FEATURE:1cxx_override
    Feature record: CXX_FEATURE:1cxx_range_for
    Feature record: CXX_FEATURE:1cxx_raw_string_literals
    Feature record: CXX_FEATURE:1cxx_reference_qualified_functions
    Feature record: CXX_FEATURE:1cxx_relaxed_constexpr
    Feature record: CXX_FEATURE:1cxx_return_type_deduction
    Feature record: CXX_FEATURE:1cxx_right_angle_brackets
    Feature record: CXX_FEATURE:1cxx_rvalue_references
    Feature record: CXX_FEATURE:1cxx_sizeof_member
    Feature record: CXX_FEATURE:1cxx_static_assert
    Feature record: CXX_FEATURE:1cxx_strong_enums
    Feature record: CXX_FEATURE:1cxx_template_template_parameters
    Feature record: CXX_FEATURE:1cxx_thread_local
    Feature record: CXX_FEATURE:1cxx_trailing_return_types
    Feature record: CXX_FEATURE:1cxx_unicode_literals
    Feature record: CXX_FEATURE:1cxx_uniform_initialization
    Feature record: CXX_FEATURE:1cxx_unrestricted_unions
    Feature record: CXX_FEATURE:1cxx_user_literals
    Feature record: CXX_FEATURE:1cxx_variable_templates
    Feature record: CXX_FEATURE:1cxx_variadic_macros
    Feature record: CXX_FEATURE:1cxx_variadic_templates


Detecting CXX [-std=c++17] compiler features compiled with the following output:
Change Dir: /home/jonatan/dev/rendering/build/CMakeFiles/CMakeTmp

Run Build Command:"/usr/bin/make" "cmTC_b7356/fast"
/usr/bin/make -f CMakeFiles/cmTC_b7356.dir/build.make CMakeFiles/cmTC_b7356.dir/build
make[1]: Entering directory '/home/jonatan/dev/rendering/build/CMakeFiles/CMakeTmp'
Building CXX object CMakeFiles/cmTC_b7356.dir/feature_tests.cxx.o
/bin/clang++-9    -std=c++17 -o CMakeFiles/cmTC_b7356.dir/feature_tests.cxx.o -c /home/jonatan/dev/rendering/build/CMakeFiles/feature_tests.cxx
Linking CXX executable cmTC_b7356
/usr/bin/cmake -E cmake_link_script CMakeFiles/cmTC_b7356.dir/link.txt --verbose=1
/bin/clang++-9       -rdynamic CMakeFiles/cmTC_b7356.dir/feature_tests.cxx.o  -o cmTC_b7356 
make[1]: Leaving directory '/home/jonatan/dev/rendering/build/CMakeFiles/CMakeTmp'


    Feature record: CXX_FEATURE:1cxx_aggregate_default_initializers
    Feature record: CXX_FEATURE:1cxx_alias_templates
    Feature record: CXX_FEATURE:1cxx_alignas
    Feature record: CXX_FEATURE:1cxx_alignof
    Feature record: CXX_FEATURE:1cxx_attributes
    Feature record: CXX_FEATURE:1cxx_attribute_deprecated
    Feature record: CXX_FEATURE:1cxx_auto_type
    Feature record: CXX_FEATURE:1cxx_binary_literals
    Feature record: CXX_FEATURE:1cxx_constexpr
    Feature record: CXX_FEATURE:1cxx_contextual_conversions
    Feature record: CXX_FEATURE:1cxx_decltype
    Feature record: CXX_FEATURE:1cxx_decltype_auto
    Feature record: CXX_FEATURE:1cxx_decltype_incomplete_return_types
    Feature record: CXX_FEATURE:1cxx_default_function_template_args
    Feature record: CXX_FEATURE:1cxx_defaulted_functions
    Feature record: CXX_FEATURE:1cxx_defaulted_move_initializers
    Feature record: CXX_FEATURE:1cxx_delegating_constructors
    Feature record: CXX_FEATURE:1cxx_deleted_functions
    Feature record: CXX_FEATURE:1cxx_digit_separators
    Feature record: CXX_FEATURE:1cxx_enum_forward_declarations
    Feature record: CXX_FEATURE:1cxx_explicit_conversions
    Feature record: CXX_FEATURE:1cxx_extended_friend_declarations
    Feature record: CXX_FEATURE:1cxx_extern_templates
    Feature record: CXX_FEATURE:1cxx_final
    Feature record: CXX_FEATURE:1cxx_func_identifier
    Feature record: CXX_FEATURE:1cxx_generalized_initializers
    Feature record: CXX_FEATURE:1cxx_generic_lambdas
    Feature record: CXX_FEATURE:1cxx_inheriting_constructors
    Feature record: CXX_FEATURE:1cxx_inline_namespaces
    Feature record: CXX_FEATURE:1cxx_lambdas
    Feature record: CXX_FEATURE:1cxx_lambda_init_captures
    Feature record: CXX_FEATURE:1cxx_local_type_template_args
    Feature record: CXX_FEATURE:1cxx_long_long_type
    Feature record: CXX_FEATURE:1cxx_noexcept
    Feature record: CXX_FEATURE:1cxx_nonstatic_member_init
    Feature record: CXX_FEATURE:1cxx_nullptr
    Feature record: CXX_FEATURE:1cxx_override
    Feature record: CXX_FEATURE:1cxx_range_for
    Feature record: CXX_FEATURE:1cxx_raw_string_literals
    Feature record: CXX_FEATURE:1cxx_reference_qualified_functions
    Feature record: CXX_FEATURE:1cxx_relaxed_constexpr
    Feature record: CXX_FEATURE:1cxx_return_type_deduction
    Feature record: CXX_FEATURE:1cxx_right_angle_brackets
    Feature record: CXX_FEATURE:1cxx_rvalue_references
    Feature record: CXX_FEATURE:1cxx_sizeof_member
    Feature record: CXX_FEATURE:1cxx_static_assert
    Feature record: CXX_FEATURE:1cxx_strong_enums
    Feature record: CXX_FEATURE:1cxx_template_template_parameters
    Feature record: CXX_FEATURE:1cxx_thread_local
    Feature record: CXX_FEATURE:1cxx_trailing_return_types
    Feature record: CXX_FEATURE:1cxx_unicode_literals
    Feature record: CXX_FEATURE:1cxx_uniform_initialization
    Feature record: CXX_FEATURE:1cxx_unrestricted_unions
    Feature record: CXX_FEATURE:1cxx_user_literals
    Feature record: CXX_FEATURE:1cxx_variable_templates
    Feature record: CXX_FEATURE:1cxx_variadic_macros
    Feature record: CXX_FEATURE:1cxx_variadic_templates


Detecting CXX [-std=c++14] compiler features compiled with the following output:
Change Dir: /home/jonatan/dev/rendering/build/CMakeFiles/CMakeTmp

Run Build Command:"/usr/bin/make" "cmTC_b228c/fast"
/usr/bin/make -f CMakeFiles/cmTC_b228c.dir/build.make CMakeFiles/cmTC_b228c.dir/build
make[1]: Entering directory '/home/jonatan/dev/rendering/build/CMakeFiles/CMakeTmp'
Building CXX object CMakeFiles/cmTC_b228c.dir/feature_tests.cxx.o
/bin/clang++-9    -std=c++14 -o CMakeFiles/cmTC_b228c.dir/feature_tests.cxx.o -c /home/jonatan/dev/rendering/build/CMakeFiles/feature_tests.cxx
Linking CXX executable cmTC_b228c
/usr/bin/cmake -E cmake_link_script CMakeFiles/cmTC_b228c.dir/link.txt --verbose=1
/bin/clang++-9       -rdynamic CMakeFiles/cmTC_b228c.dir/feature_tests.cxx.o  -o cmTC_b228c 
make[1]: Leaving directory '/home/jonatan/dev/rendering/build/CMakeFiles/CMakeTmp'


    Feature record: CXX_FEATURE:1cxx_aggregate_default_initializers
    Feature record: CXX_FEATURE:1cxx_alias_templates
    Feature record: CXX_FEATURE:1cxx_alignas
    Feature record: CXX_FEATURE:1cxx_alignof
    Feature record: CXX_FEATURE:1cxx_attributes
    Feature record: CXX_FEATURE:1cxx_attribute_deprecated
    Feature record: CXX_FEATURE:1cxx_auto_type
    Feature record: CXX_FEATURE:1cxx_binary_literals
    Feature record: CXX_FEATURE:1cxx_constexpr
    Feature record: CXX_FEATURE:1cxx_contextual_conversions
    Feature record: CXX_FEATURE:1cxx_decltype
    Feature record: CXX_FEATURE:1cxx_decltype_auto
    Feature record: CXX_FEATURE:1cxx_decltype_incomplete_return_types
    Feature record: CXX_FEATURE:1cxx_default_function_template_args
    Feature record: CXX_FEATURE:1cxx_defaulted_functions
    Feature record: CXX_FEATURE:1cxx_defaulted_move_initializers
    Feature record: CXX_FEATURE:1cxx_delegating_constructors
    Feature record: CXX_FEATURE:1cxx_deleted_functions
    Feature record: CXX_FEATURE:1cxx_digit_separators
    Feature record: CXX_FEATURE:1cxx_enum_forward_declarations
    Feature record: CXX_FEATURE:1cxx_explicit_conversions
    Feature record: CXX_FEATURE:1cxx_extended_friend_declarations
    Feature record: CXX_FEATURE:1cxx_extern_templates
    Feature record: CXX_FEATURE:1cxx_final
    Feature record: CXX_FEATURE:1cxx_func_identifier
    Feature record: CXX_FEATURE:1cxx_generalized_initializers
    Feature record: CXX_FEATURE:1cxx_generic_lambdas
    Feature record: CXX_FEATURE:1cxx_inheriting_constructors
    Feature record: CXX_FEATURE:1cxx_inline_namespaces
    Feature record: CXX_FEATURE:1cxx_lambdas
    Feature record: CXX_FEATURE:1cxx_lambda_init_captures
    Feature record: CXX_FEATURE:1cxx_local_type_template_args
    Feature record: CXX_FEATURE:1cxx_long_long_type
    Feature record: CXX_FEATURE:1cxx_noexcept
    Feature record: CXX_FEATURE:1cxx_nonstatic_member_init
    Feature record: CXX_FEATURE:1cxx_nullptr
    Feature record: CXX_FEATURE:1cxx_override
    Feature record: CXX_FEATURE:1cxx_range_for
    Feature record: CXX_FEATURE:1cxx_raw_string_literals
    Feature record: CXX_FEATURE:1cxx_reference_qualified_functions
    Feature record: CXX_FEATURE:1cxx_relaxed_constexpr
    Feature record: CXX_FEATURE:1cxx_return_type_deduction
    Feature record: CXX_FEATURE:1cxx_right_angle_brackets
    Feature record: CXX_FEATURE:1cxx_rvalue_references
    Feature record: CXX_FEATURE:1cxx_sizeof_member
    Feature record: CXX_FEATURE:1cxx_static_assert
    Feature record: CXX_FEATURE:1cxx_strong_enums
    Feature record: CXX_FEATURE:1cxx_template_template_parameters
    Feature record: CXX_FEATURE:1cxx_thread_local
    Feature record: CXX_FEATURE:1cxx_trailing_return_types
    Feature record: CXX_FEATURE:1cxx_unicode_literals
    Feature record: CXX_FEATURE:1cxx_uniform_initialization
    Feature record: CXX_FEATURE:1cxx_unrestricted_unions
    Feature record: CXX_FEATURE:1cxx_user_literals
    Feature record: CXX_FEATURE:1cxx_variable_templates
    Feature record: CXX_FEATURE:1cxx_variadic_macros
    Feature record: CXX_FEATURE:1cxx_variadic_templates


Detecting CXX [-std=c++11] compiler features compiled with the following output:
Change Dir: /home/jonatan/dev/rendering/build/CMakeFiles/CMakeTmp

Run Build Command:"/usr/bin/make" "cmTC_2d41e/fast"
/usr/bin/make -f CMakeFiles/cmTC_2d41e.dir/build.make CMakeFiles/cmTC_2d41e.dir/build
make[1]: Entering directory '/home/jonatan/dev/rendering/build/CMakeFiles/CMakeTmp'
Building CXX object CMakeFiles/cmTC_2d41e.dir/feature_tests.cxx.o
/bin/clang++-9    -std=c++11 -o CMakeFiles/cmTC_2d41e.dir/feature_tests.cxx.o -c /home/jonatan/dev/rendering/build/CMakeFiles/feature_tests.cxx
Linking CXX executable cmTC_2d41e
/usr/bin/cmake -E cmake_link_script CMakeFiles/cmTC_2d41e.dir/link.txt --verbose=1
/bin/clang++-9       -rdynamic CMakeFiles/cmTC_2d41e.dir/feature_tests.cxx.o  -o cmTC_2d41e 
make[1]: Leaving directory '/home/jonatan/dev/rendering/build/CMakeFiles/CMakeTmp'


    Feature record: CXX_FEATURE:0cxx_aggregate_default_initializers
    Feature record: CXX_FEATURE:1cxx_alias_templates
    Feature record: CXX_FEATURE:1cxx_alignas
    Feature record: CXX_FEATURE:1cxx_alignof
    Feature record: CXX_FEATURE:1cxx_attributes
    Feature record: CXX_FEATURE:0cxx_attribute_deprecated
    Feature record: CXX_FEATURE:1cxx_auto_type
    Feature record: CXX_FEATURE:0cxx_binary_literals
    Feature record: CXX_FEATURE:1cxx_constexpr
    Feature record: CXX_FEATURE:0cxx_contextual_conversions
    Feature record: CXX_FEATURE:1cxx_decltype
    Feature record: CXX_FEATURE:0cxx_decltype_auto
    Feature record: CXX_FEATURE:1cxx_decltype_incomplete_return_types
    Feature record: CXX_FEATURE:1cxx_default_function_template_args
    Feature record: CXX_FEATURE:1cxx_defaulted_functions
    Feature record: CXX_FEATURE:1cxx_defaulted_move_initializers
    Feature record: CXX_FEATURE:1cxx_delegating_constructors
    Feature record: CXX_FEATURE:1cxx_deleted_functions
    Feature record: CXX_FEATURE:0cxx_digit_separators
    Feature record: CXX_FEATURE:1cxx_enum_forward_declarations
    Feature record: CXX_FEATURE:1cxx_explicit_conversions
    Feature record: CXX_FEATURE:1cxx_extended_friend_declarations
    Feature record: CXX_FEATURE:1cxx_extern_templates
    Feature record: CXX_FEATURE:1cxx_final
    Feature record: CXX_FEATURE:1cxx_func_identifier
    Feature record: CXX_FEATURE:1cxx_generalized_initializers
    Feature record: CXX_FEATURE:0cxx_generic_lambdas
    Feature record: CXX_FEATURE:1cxx_inheriting_constructors
    Feature record: CXX_FEATURE:1cxx_inline_namespaces
    Feature record: CXX_FEATURE:1cxx_lambdas
    Feature record: CXX_FEATURE:0cxx_lambda_init_captures
    Feature record: CXX_FEATURE:1cxx_local_type_template_args
    Feature record: CXX_FEATURE:1cxx_long_long_type
    Feature record: CXX_FEATURE:1cxx_noexcept
    Feature record: CXX_FEATURE:1cxx_nonstatic_member_init
    Feature record: CXX_FEATURE:1cxx_nullptr
    Feature record: CXX_FEATURE:1cxx_override
    Feature record: CXX_FEATURE:1cxx_range_for
    Feature record: CXX_FEATURE:1cxx_raw_string_literals
    Feature record: CXX_FEATURE:1cxx_reference_qualified_functions
    Feature record: CXX_FEATURE:0cxx_relaxed_constexpr
    Feature record: CXX_FEATURE:0cxx_return_type_deduction
    Feature record: CXX_FEATURE:1cxx_right_angle_brackets
    Feature record: CXX_FEATURE:1cxx_rvalue_references
    Feature record: CXX_FEATURE:1cxx_sizeof_member
    Feature record: CXX_FEATURE:1cxx_static_assert
    Feature record: CXX_FEATURE:1cxx_strong_enums
    Feature record: CXX_FEATURE:1cxx_template_template_parameters
    Feature record: CXX_FEATURE:1cxx_thread_local
    Feature record: CXX_FEATURE:1cxx_trailing_return_types
    Feature record: CXX_FEATURE:1cxx_unicode_literals
    Feature record: CXX_FEATURE:1cxx_uniform_initialization
    Feature record: CXX_FEATURE:1cxx_unrestricted_unions
    Feature record: CXX_FEATURE:1cxx_user_literals
    Feature record: CXX_FEATURE:0cxx_variable_templates
    Feature record: CXX_FEATURE:1cxx_variadic_macros
    Feature record: CXX_FEATURE:1cxx_variadic_templates


Detecting CXX [-std=c++98] compiler features compiled with the following output:
Change Dir: /home/jonatan/dev/rendering/build/CMakeFiles/CMakeTmp

Run Build Command:"/usr/bin/make" "cmTC_d495a/fast"
/usr/bin/make -f CMakeFiles/cmTC_d495a.dir/build.make CMakeFiles/cmTC_d495a.dir/build
make[1]: Entering directory '/home/jonatan/dev/rendering/build/CMakeFiles/CMakeTmp'
Building CXX object CMakeFiles/cmTC_d495a.dir/feature_tests.cxx.o
/bin/clang++-9    -std=c++98 -o CMakeFiles/cmTC_d495a.dir/feature_tests.cxx.o -c /home/jonatan/dev/rendering/build/CMakeFiles/feature_tests.cxx
Linking CXX executable cmTC_d495a
/usr/bin/cmake -E cmake_link_script CMakeFiles/cmTC_d495a.dir/link.txt --verbose=1
/bin/clang++-9       -rdynamic CMakeFiles/cmTC_d495a.dir/feature_tests.cxx.o  -o cmTC_d495a 
make[1]: Leaving directory '/home/jonatan/dev/rendering/build/CMakeFiles/CMakeTmp'


    Feature record: CXX_FEATURE:0cxx_aggregate_default_initializers
    Feature record: CXX_FEATURE:0cxx_alias_templates
    Feature record: CXX_FEATURE:0cxx_alignas
    Feature record: CXX_FEATURE:0cxx_alignof
    Feature record: CXX_FEATURE:0cxx_attributes
    Feature record: CXX_FEATURE:0cxx_attribute_deprecated
    Feature record: CXX_FEATURE:0cxx_auto_type
    Feature record: CXX_FEATURE:0cxx_binary_literals
    Feature record: CXX_FEATURE:0cxx_constexpr
    Feature record: CXX_FEATURE:0cxx_contextual_conversions
    Feature record: CXX_FEATURE:0cxx_decltype
    Feature record: CXX_FEATURE:0cxx_decltype_auto
    Feature record: CXX_FEATURE:0cxx_decltype_incomplete_return_types
    Feature record: CXX_FEATURE:0cxx_default_function_template_args
    Feature record: CXX_FEATURE:0cxx_defaulted_functions
    Feature record: CXX_FEATURE:0cxx_defaulted_move_initializers
    Feature record: CXX_FEATURE:0cxx_delegating_constructors
    Feature record: CXX_FEATURE:0cxx_deleted_functions
    Feature record: CXX_FEATURE:0cxx_digit_separators
    Feature record: CXX_FEATURE:0cxx_enum_forward_declarations
    Feature record: CXX_FEATURE:0cxx_explicit_conversions
    Feature record: CXX_FEATURE:0cxx_extended_friend_declarations
    Feature record: CXX_FEATURE:0cxx_extern_templates
    Feature record: CXX_FEATURE:0cxx_final
    Feature record: CXX_FEATURE:0cxx_func_identifier
    Feature record: CXX_FEATURE:0cxx_generalized_initializers
    Feature record: CXX_FEATURE:0cxx_generic_lambdas
    Feature record: CXX_FEATURE:0cxx_inheriting_constructors
    Feature record: CXX_FEATURE:0cxx_inline_namespaces
    Feature record: CXX_FEATURE:0cxx_lambdas
    Feature record: CXX_FEATURE:0cxx_lambda_init_captures
    Feature record: CXX_FEATURE:0cxx_local_type_template_args
    Feature record: CXX_FEATURE:0cxx_long_long_type
    Feature record: CXX_FEATURE:0cxx_noexcept
    Feature record: CXX_FEATURE:0cxx_nonstatic_member_init
    Feature record: CXX_FEATURE:0cxx_nullptr
    Feature record: CXX_FEATURE:0cxx_override
    Feature record: CXX_FEATURE:0cxx_range_for
    Feature record: CXX_FEATURE:0cxx_raw_string_literals
    Feature record: CXX_FEATURE:0cxx_reference_qualified_functions
    Feature record: CXX_FEATURE:0cxx_relaxed_constexpr
    Feature record: CXX_FEATURE:0cxx_return_type_deduction
    Feature record: CXX_FEATURE:0cxx_right_angle_brackets
    Feature record: CXX_FEATURE:0cxx_rvalue_references
    Feature record: CXX_FEATURE:0cxx_sizeof_member
    Feature record: CXX_FEATURE:0cxx_static_assert
    Feature record: CXX_FEATURE:0cxx_strong_enums
    Feature record: CXX_FEATURE:1cxx_template_template_parameters
    Feature record: CXX_FEATURE:0cxx_thread_local
    Feature record: CXX_FEATURE:0cxx_trailing_return_types
    Feature record: CXX_FEATURE:0cxx_unicode_literals
    Feature record: CXX_FEATURE:0cxx_uniform_initialization
    Feature record: CXX_FEATURE:0cxx_unrestricted_unions
    Feature record: CXX_FEATURE:0cxx_user_literals
    Feature record: CXX_FEATURE:0cxx_variable_templates
    Feature record: CXX_FEATURE:0cxx_variadic_macros
    Feature record: CXX_FEATURE:0cxx_variadic_templates
Determining if the include file pthread.h exists passed with the following output:
Change Dir: /home/jonatan/dev/rendering/build/CMakeFiles/CMakeTmp

Run Build Command:"/usr/bin/make" "cmTC_b17de/fast"
/usr/bin/make -f CMakeFiles/cmTC_b17de.dir/build.make CMakeFiles/cmTC_b17de.dir/build
make[1]: Entering directory '/home/jonatan/dev/rendering/build/CMakeFiles/CMakeTmp'
Building C object CMakeFiles/cmTC_b17de.dir/CheckIncludeFile.c.o
/bin/clang-9    -o CMakeFiles/cmTC_b17de.dir/CheckIncludeFile.c.o   -c /home/jonatan/dev/rendering/build/CMakeFiles/CMakeTmp/CheckIncludeFile.c
Linking C executable cmTC_b17de
/usr/bin/cmake -E cmake_link_script CMakeFiles/cmTC_b17de.dir/link.txt --verbose=1
/bin/clang-9      -rdynamic CMakeFiles/cmTC_b17de.dir/CheckIncludeFile.c.o  -o cmTC_b17de 
make[1]: Leaving directory '/home/jonatan/dev/rendering/build/CMakeFiles/CMakeTmp'


Determining if the function pthread_create exists in the pthread passed with the following output:
Change Dir: /home/jonatan/dev/rendering/build/CMakeFiles/CMakeTmp

Run Build Command:"/usr/bin/make" "cmTC_1a4dd/fast"
/usr/bin/make -f CMakeFiles/cmTC_1a4dd.dir/build.make CMakeFiles/cmTC_1a4dd.dir/build
make[1]: Entering directory '/home/jonatan/dev/rendering/build/CMakeFiles/CMakeTmp'
Building C object CMakeFiles/cmTC_1a4dd.dir/CheckFunctionExists.c.o
/bin/clang-9   -DCHECK_FUNCTION_EXISTS=pthread_create   -o CMakeFiles/cmTC_1a4dd.dir/CheckFunctionExists.c.o   -c /usr/share/cmake-3.13/Modules/CheckFunctionExists.c
Linking C executable cmTC_1a4dd
/usr/bin/cmake -E cmake_link_script CMakeFiles/cmTC_1a4dd.dir/link.txt --verbose=1
/bin/clang-9  -DCHECK_FUNCTION_EXISTS=pthread_create    -rdynamic CMakeFiles/cmTC_1a4dd.dir/CheckFunctionExists.c.o  -o cmTC_1a4dd -lpthread 
make[1]: Leaving directory '/home/jonatan/dev/rendering/build/CMakeFiles/CMakeTmp'


Determining if the function XOpenDisplay exists in the /usr/lib/x86_64-linux-gnu/libX11.so;/usr/lib/x86_64-linux-gnu/libXext.so passed with the following output:
Change Dir: /home/jonatan/dev/rendering/build/CMakeFiles/CMakeTmp

Run Build Command:"/usr/bin/make" "cmTC_ca6e6/fast"
/usr/bin/make -f CMakeFiles/cmTC_ca6e6.dir/build.make CMakeFiles/cmTC_ca6e6.dir/build
make[1]: Entering directory '/home/jonatan/dev/rendering/build/CMakeFiles/CMakeTmp'
Building C object CMakeFiles/cmTC_ca6e6.dir/CheckFunctionExists.c.o
/bin/clang-9   -DCHECK_FUNCTION_EXISTS=XOpenDisplay   -o CMakeFiles/cmTC_ca6e6.dir/CheckFunctionExists.c.o   -c /usr/share/cmake-3.13/Modules/CheckFunctionExists.c
Linking C executable cmTC_ca6e6
/usr/bin/cmake -E cmake_link_script CMakeFiles/cmTC_ca6e6.dir/link.txt --verbose=1
/bin/clang-9  -DCHECK_FUNCTION_EXISTS=XOpenDisplay    -rdynamic CMakeFiles/cmTC_ca6e6.dir/CheckFunctionExists.c.o  -o cmTC_ca6e6 /usr/lib/x86_64-linux-gnu/libX11.so /usr/lib/x86_64-linux-gnu/libXext.so 
make[1]: Leaving directory '/home/jonatan/dev/rendering/build/CMakeFiles/CMakeTmp'


Determining if the function gethostbyname exists passed with the following output:
Change Dir: /home/jonatan/dev/rendering/build/CMakeFiles/CMakeTmp

Run Build Command:"/usr/bin/make" "cmTC_c9e32/fast"
/usr/bin/make -f CMakeFiles/cmTC_c9e32.dir/build.make CMakeFiles/cmTC_c9e32.dir/build
make[1]: Entering directory '/home/jonatan/dev/rendering/build/CMakeFiles/CMakeTmp'
Building C object CMakeFiles/cmTC_c9e32.dir/CheckFunctionExists.c.o
/bin/clang-9   -DCHECK_FUNCTION_EXISTS=gethostbyname   -o CMakeFiles/cmTC_c9e32.dir/CheckFunctionExists.c.o   -c /usr/share/cmake-3.13/Modules/CheckFunctionExists.c
Linking C executable cmTC_c9e32
/usr/bin/cmake -E cmake_link_script CMakeFiles/cmTC_c9e32.dir/link.txt --verbose=1
/bin/clang-9  -DCHECK_FUNCTION_EXISTS=gethostbyname    -rdynamic CMakeFiles/cmTC_c9e32.dir/CheckFunctionExists.c.o  -o cmTC_c9e32 
make[1]: Leaving directory '/home/jonatan/dev/rendering/build/CMakeFiles/CMakeTmp'


Determining if the function connect exists passed with the following output:
Change Dir: /home/jonatan/dev/rendering/build/CMakeFiles/CMakeTmp

Run Build Command:"/usr/bin/make" "cmTC_c6428/fast"
/usr/bin/make -f CMakeFiles/cmTC_c6428.dir/build.make CMakeFiles/cmTC_c6428.dir/build
make[1]: Entering directory '/home/jonatan/dev/rendering/build/CMakeFiles/CMakeTmp'
Building C object CMakeFiles/cmTC_c6428.dir/CheckFunctionExists.c.o
/bin/clang-9   -DCHECK_FUNCTION_EXISTS=connect   -o CMakeFiles/cmTC_c6428.dir/CheckFunctionExists.c.o   -c /usr/share/cmake-3.13/Modules/CheckFunctionExists.c
Linking C executable cmTC_c6428
/usr/bin/cmake -E cmake_link_script CMakeFiles/cmTC_c6428.dir/link.txt --verbose=1
/bin/clang-9  -DCHECK_FUNCTION_EXISTS=connect    -rdynamic CMakeFiles/cmTC_c6428.dir/CheckFunctionExists.c.o  -o cmTC_c6428 
make[1]: Leaving directory '/home/jonatan/dev/rendering/build/CMakeFiles/CMakeTmp'


Determining if the function remove exists passed with the following output:
Change Dir: /home/jonatan/dev/rendering/build/CMakeFiles/CMakeTmp

Run Build Command:"/usr/bin/make" "cmTC_bdc06/fast"
/usr/bin/make -f CMakeFiles/cmTC_bdc06.dir/build.make CMakeFiles/cmTC_bdc06.dir/build
make[1]: Entering directory '/home/jonatan/dev/rendering/build/CMakeFiles/CMakeTmp'
Building C object CMakeFiles/cmTC_bdc06.dir/CheckFunctionExists.c.o
/bin/clang-9   -DCHECK_FUNCTION_EXISTS=remove   -o CMakeFiles/cmTC_bdc06.dir/CheckFunctionExists.c.o   -c /usr/share/cmake-3.13/Modules/CheckFunctionExists.c
Linking C executable cmTC_bdc06
/usr/bin/cmake -E cmake_link_script CMakeFiles/cmTC_bdc06.dir/link.txt --verbose=1
/bin/clang-9  -DCHECK_FUNCTION_EXISTS=remove    -rdynamic CMakeFiles/cmTC_bdc06.dir/CheckFunctionExists.c.o  -o cmTC_bdc06 
make[1]: Leaving directory '/home/jonatan/dev/rendering/build/CMakeFiles/CMakeTmp'


Determining if the function shmat exists passed with the following output:
Change Dir: /home/jonatan/dev/rendering/build/CMakeFiles/CMakeTmp

Run Build Command:"/usr/bin/make" "cmTC_03025/fast"
/usr/bin/make -f CMakeFiles/cmTC_03025.dir/build.make CMakeFiles/cmTC_03025.dir/build
make[1]: Entering directory '/home/jonatan/dev/rendering/build/CMakeFiles/CMakeTmp'
Building C object CMakeFiles/cmTC_03025.dir/CheckFunctionExists.c.o
/bin/clang-9   -DCHECK_FUNCTION_EXISTS=shmat   -o CMakeFiles/cmTC_03025.dir/CheckFunctionExists.c.o   -c /usr/share/cmake-3.13/Modules/CheckFunctionExists.c
Linking C executable cmTC_03025
/usr/bin/cmake -E cmake_link_script CMakeFiles/cmTC_03025.dir/link.txt --verbose=1
/bin/clang-9  -DCHECK_FUNCTION_EXISTS=shmat    -rdynamic CMakeFiles/cmTC_03025.dir/CheckFunctionExists.c.o  -o cmTC_03025 
make[1]: Leaving directory '/home/jonatan/dev/rendering/build/CMakeFiles/CMakeTmp'


