Determining if the pthread_create exist failed with the following output:
Change Dir: /home/jonatan/dev/rendering/build/CMakeFiles/CMakeTmp

Run Build Command:"/usr/bin/make" "cmTC_83d95/fast"
/usr/bin/make -f CMakeFiles/cmTC_83d95.dir/build.make CMakeFiles/cmTC_83d95.dir/build
make[1]: Entering directory '/home/jonatan/dev/rendering/build/CMakeFiles/CMakeTmp'
Building C object CMakeFiles/cmTC_83d95.dir/CheckSymbolExists.c.o
/bin/clang-9    -o CMakeFiles/cmTC_83d95.dir/CheckSymbolExists.c.o   -c /home/jonatan/dev/rendering/build/CMakeFiles/CMakeTmp/CheckSymbolExists.c
Linking C executable cmTC_83d95
/usr/bin/cmake -E cmake_link_script CMakeFiles/cmTC_83d95.dir/link.txt --verbose=1
/bin/clang-9      -rdynamic CMakeFiles/cmTC_83d95.dir/CheckSymbolExists.c.o  -o cmTC_83d95 
/bin/ld: CMakeFiles/cmTC_83d95.dir/CheckSymbolExists.c.o: in function `main':
CheckSymbolExists.c:(.text+0x19): undefined reference to `pthread_create'
clang: error: linker command failed with exit code 1 (use -v to see invocation)
make[1]: *** [CMakeFiles/cmTC_83d95.dir/build.make:87: cmTC_83d95] Error 1
make[1]: Leaving directory '/home/jonatan/dev/rendering/build/CMakeFiles/CMakeTmp'
make: *** [Makefile:121: cmTC_83d95/fast] Error 2

File /home/jonatan/dev/rendering/build/CMakeFiles/CMakeTmp/CheckSymbolExists.c:
/* */
#include <pthread.h>

int main(int argc, char** argv)
{
  (void)argv;
#ifndef pthread_create
  return ((int*)(&pthread_create))[argc];
#else
  (void)argc;
  return 0;
#endif
}

Determining if the function pthread_create exists in the pthreads failed with the following output:
Change Dir: /home/jonatan/dev/rendering/build/CMakeFiles/CMakeTmp

Run Build Command:"/usr/bin/make" "cmTC_70050/fast"
/usr/bin/make -f CMakeFiles/cmTC_70050.dir/build.make CMakeFiles/cmTC_70050.dir/build
make[1]: Entering directory '/home/jonatan/dev/rendering/build/CMakeFiles/CMakeTmp'
Building C object CMakeFiles/cmTC_70050.dir/CheckFunctionExists.c.o
/bin/clang-9   -DCHECK_FUNCTION_EXISTS=pthread_create   -o CMakeFiles/cmTC_70050.dir/CheckFunctionExists.c.o   -c /usr/share/cmake-3.13/Modules/CheckFunctionExists.c
Linking C executable cmTC_70050
/usr/bin/cmake -E cmake_link_script CMakeFiles/cmTC_70050.dir/link.txt --verbose=1
/bin/clang-9  -DCHECK_FUNCTION_EXISTS=pthread_create    -rdynamic CMakeFiles/cmTC_70050.dir/CheckFunctionExists.c.o  -o cmTC_70050 -lpthreads 
/bin/ld: cannot find -lpthreads
clang: error: linker command failed with exit code 1 (use -v to see invocation)
make[1]: *** [CMakeFiles/cmTC_70050.dir/build.make:87: cmTC_70050] Error 1
make[1]: Leaving directory '/home/jonatan/dev/rendering/build/CMakeFiles/CMakeTmp'
make: *** [Makefile:121: cmTC_70050/fast] Error 2


